<?xml version="1.0" encoding="UTF-8"?>
<testng-results ignored="0" total="0" passed="0" failed="0" skipped="0">
  <reporter-output>
  </reporter-output>
  <suite started-at="2020-11-16T11:48:56 IST" name="Selenium Suite" finished-at="2020-11-16T11:48:56 IST" duration-ms="5">
    <groups>
    </groups>
    <test started-at="2020-11-16T11:48:56 IST" name="Selenium Test" finished-at="2020-11-16T11:48:56 IST" duration-ms="5">
      <class name="runner.Scenarios">
        <test-method is-config="true" signature="beforeSuite()[pri:0, instance:runner.Scenarios@1d8d30f7]" started-at="2020-11-16T11:48:55 IST" name="beforeSuite" finished-at="2020-11-16T11:48:56 IST" duration-ms="272" status="PASS">
          <reporter-output>
          </reporter-output>
        </test-method> <!-- beforeSuite -->
        <test-method is-config="true" signature="beforeTest()[pri:0, instance:runner.Scenarios@1d8d30f7]" started-at="2020-11-16T11:48:56 IST" name="beforeTest" finished-at="2020-11-16T11:48:56 IST" duration-ms="1" status="PASS">
          <reporter-output>
          </reporter-output>
        </test-method> <!-- beforeTest -->
        <test-method is-config="true" signature="afterTest()[pri:0, instance:runner.Scenarios@1d8d30f7]" started-at="2020-11-16T11:48:56 IST" name="afterTest" finished-at="2020-11-16T11:48:56 IST" duration-ms="0" status="PASS">
          <reporter-output>
          </reporter-output>
        </test-method> <!-- afterTest -->
        <test-method is-config="true" signature="afterSuite()[pri:0, instance:runner.Scenarios@1d8d30f7]" started-at="2020-11-16T11:48:56 IST" name="afterSuite" finished-at="2020-11-16T11:48:56 IST" duration-ms="343" status="PASS">
          <reporter-output>
          </reporter-output>
        </test-method> <!-- afterSuite -->
      </class> <!-- runner.Scenarios -->
    </test> <!-- Selenium Test -->
  </suite> <!-- Selenium Suite -->
</testng-results>
